Using pre-set license
Built from '2020.3/release' branch; Version is '2020.3.7f1 (dd97f2c94397) revision 14522354'; Using compiler version '192528614'; Build Type 'Release'
OS: 'Windows 10 Home Single Language; OS build 19043.1083; Version 2009; 64bit' Language: 'en' Physical Memory: 8112 MB
BatchMode: 1, IsHumanControllingUs: 0, StartBugReporterOnCrash: 0, Is64bit: 1, IsPro: 0

 COMMAND LINE ARGUMENTS:
D:\Unity\Platforms\2020.3.7f1\Editor\Unity.exe
-adb2
-batchMode
-noUpm
-name
AssetImportWorker0
-projectPath
E:/Fruit-Match-main
-logFile
Logs/AssetImportWorker0.log
-srvPort
59141
Successfully changed project path to: E:/Fruit-Match-main
E:/Fruit-Match-main
Using Asset Import Pipeline V2.
Refreshing native plugins compatible for Editor in 47.94 ms, found 0 plugins.
Preloading 0 native plugins for Editor in 0.00 ms.
Initialize engine version: 2020.3.7f1 (dd97f2c94397)
[Subsystems] Discovering subsystems at path D:/Unity/Platforms/2020.3.7f1/Editor/Data/Resources/UnitySubsystems
[Subsystems] Discovering subsystems at path E:/Fruit-Match-main/Assets
GfxDevice: creating device client; threaded=0
Direct3D:
    Version:  Direct3D 11.0 [level 11.1]
    Renderer: NVIDIA GeForce GTX 1050 Ti (ID=0x1c8c)
    Vendor:   
    VRAM:     4021 MB
    Driver:   30.0.14.7111
Initialize mono
Mono path[0] = 'D:/Unity/Platforms/2020.3.7f1/Editor/Data/Managed'
Mono path[1] = 'D:/Unity/Platforms/2020.3.7f1/Editor/Data/MonoBleedingEdge/lib/mono/unityjit'
Mono config path = 'D:/Unity/Platforms/2020.3.7f1/Editor/Data/MonoBleedingEdge/etc'
Using monoOptions --debugger-agent=transport=dt_socket,embedding=1,server=y,suspend=n,address=127.0.0.1:56284
Begin MonoManager ReloadAssembly
Registering precompiled unity dll's ...
Register platform support module: D:/Unity/Platforms/2020.3.7f1/Editor/Data/PlaybackEngines/WindowsStandaloneSupport/UnityEditor.WindowsStandalone.Extensions.dll
Registered in 0.001853 seconds.
Native extension for WindowsStandalone target not found
Refreshing native plugins compatible for Editor in 38.59 ms, found 0 plugins.
Preloading 0 native plugins for Editor in 0.00 ms.
Mono: successfully reloaded assembly
- Completed reload, in  3.047 seconds
Platform modules already initialized, skipping
Registering precompiled user dll's ...
Registered in 0.000602 seconds.
Begin MonoManager ReloadAssembly
Native extension for WindowsStandalone target not found
Refreshing native plugins compatible for Editor in 0.24 ms, found 0 plugins.
Preloading 0 native plugins for Editor in 0.00 ms.
Mono: successfully reloaded assembly
- Completed reload, in  1.444 seconds
Platform modules already initialized, skipping
========================================================================
Worker process is ready to serve import requests
Launched and connected shader compiler UnityShaderCompiler.exe after 0.08 seconds
Refreshing native plugins compatible for Editor in 0.26 ms, found 0 plugins.
Preloading 0 native plugins for Editor in 0.00 ms.
Unloading 1123 Unused Serialized files (Serialized files now loaded: 0)
System memory in use before: 58.4 MB.
System memory in use after: 58.4 MB.

Unloading 9 unused Assets to reduce memory usage. Loaded Objects now: 1566.
Total: 2.753500 ms (FindLiveObjects: 0.271900 ms CreateObjectMapping: 0.106500 ms MarkObjects: 2.250800 ms  DeleteObjects: 0.122700 ms)

========================================================================
Received Import Request.
  path: Assets/Fruits Match/Scripts/TutorialManager.cs
  artifactKey: Guid(816ad64b4d15f5c4f8cd5c0f5efb1057) Importer(815301076,1909f56bfc062723c751e8b465ee728b)
Start importing Assets/Fruits Match/Scripts/TutorialManager.cs using Guid(816ad64b4d15f5c4f8cd5c0f5efb1057) Importer(815301076,1909f56bfc062723c751e8b465ee728b)  -> (artifact id: '9c21ab41d87a172d8c4dbaf1c48eec36') in 0.139754 seconds
  Import took 0.142384 seconds .

========================================================================
Received Import Request.
  Time since last request: 1.603897 seconds.
  path: Assets/Fruits Match/Scripts/TutorialManager.cs
  artifactKey: Guid(816ad64b4d15f5c4f8cd5c0f5efb1057) Importer(815301076,1909f56bfc062723c751e8b465ee728b)
Start importing Assets/Fruits Match/Scripts/TutorialManager.cs using Guid(816ad64b4d15f5c4f8cd5c0f5efb1057) Importer(815301076,1909f56bfc062723c751e8b465ee728b)  -> (artifact id: '9c21ab41d87a172d8c4dbaf1c48eec36') in 0.002727 seconds
  Import took 0.005503 seconds .

========================================================================
Received Prepare
Registering precompiled user dll's ...
Registered in 0.000618 seconds.
Begin MonoManager ReloadAssembly
Native extension for WindowsStandalone target not found
Refreshing native plugins compatible for Editor in 0.34 ms, found 0 plugins.
Preloading 0 native plugins for Editor in 0.00 ms.
Mono: successfully reloaded assembly
- Completed reload, in  1.298 seconds
Platform modules already initialized, skipping
Refreshing native plugins compatible for Editor in 0.28 ms, found 0 plugins.
Preloading 0 native plugins for Editor in 0.00 ms.
Unloading 1116 Unused Serialized files (Serialized files now loaded: 0)
System memory in use before: 58.0 MB.
System memory in use after: 58.1 MB.

Unloading 4 unused Assets to reduce memory usage. Loaded Objects now: 1569.
Total: 2.253300 ms (FindLiveObjects: 0.200400 ms CreateObjectMapping: 0.059600 ms MarkObjects: 1.975000 ms  DeleteObjects: 0.016300 ms)

========================================================================
Received Import Request.
  Time since last request: 1499.521191 seconds.
  path: Assets/Fruits Match/Animations/Tutorial.anim
  artifactKey: Guid(79c26e965a45d124aaeadd05eeda002a) Importer(815301076,1909f56bfc062723c751e8b465ee728b)
Start importing Assets/Fruits Match/Animations/Tutorial.anim using Guid(79c26e965a45d124aaeadd05eeda002a) Importer(815301076,1909f56bfc062723c751e8b465ee728b)  -> (artifact id: 'cdb5cc06e721d4de74a19e117e07e45f') in 0.035757 seconds
  Import took 0.039295 seconds .

========================================================================
Received Import Request.
  Time since last request: 16.512016 seconds.
  path: Assets/Fruits Match/Animations/Walkthough
  artifactKey: Guid(449c6832601a13b409e36acd758b41f3) Importer(815301076,1909f56bfc062723c751e8b465ee728b)
Start importing Assets/Fruits Match/Animations/Walkthough using Guid(449c6832601a13b409e36acd758b41f3) Importer(815301076,1909f56bfc062723c751e8b465ee728b)  -> (artifact id: '8b6dc177b0a248c16855dd76e1ca7882') in 0.010743 seconds
  Import took 0.024361 seconds .

========================================================================
Received Import Request.
  Time since last request: 23.478161 seconds.
  path: Assets/Fruits Match/Animations/Walkthough/Walkthrough.controller
  artifactKey: Guid(ff5e532725f4a5b42b4abade633d1bf2) Importer(815301076,1909f56bfc062723c751e8b465ee728b)
Start importing Assets/Fruits Match/Animations/Walkthough/Walkthrough.controller using Guid(ff5e532725f4a5b42b4abade633d1bf2) Importer(815301076,1909f56bfc062723c751e8b465ee728b)  -> (artifact id: 'fa4cf6a53a67f5b58c60220b1e727631') in 0.025887 seconds
  Import took 0.029025 seconds .

========================================================================
Received Prepare
Registering precompiled user dll's ...
Registered in 0.000985 seconds.
Begin MonoManager ReloadAssembly
Native extension for WindowsStandalone target not found
Refreshing native plugins compatible for Editor in 0.35 ms, found 0 plugins.
Preloading 0 native plugins for Editor in 0.00 ms.
Mono: successfully reloaded assembly
- Completed reload, in  1.232 seconds
Platform modules already initialized, skipping
Refreshing native plugins compatible for Editor in 0.28 ms, found 0 plugins.
Preloading 0 native plugins for Editor in 0.00 ms.
Unloading 1116 Unused Serialized files (Serialized files now loaded: 0)
System memory in use before: 58.1 MB.
System memory in use after: 58.2 MB.

Unloading 4 unused Assets to reduce memory usage. Loaded Objects now: 1572.
Total: 2.309300 ms (FindLiveObjects: 0.163800 ms CreateObjectMapping: 0.042600 ms MarkObjects: 2.079100 ms  DeleteObjects: 0.021600 ms)

========================================================================
Received Import Request.
  Time since last request: 961.413038 seconds.
  path: Assets/Fruits Match/FruitAssest/handWalkin.png
  artifactKey: Guid(1c0577e917afac340bad0ddebb1516c5) Importer(815301076,1909f56bfc062723c751e8b465ee728b)
Start importing Assets/Fruits Match/FruitAssest/handWalkin.png using Guid(1c0577e917afac340bad0ddebb1516c5) Importer(815301076,1909f56bfc062723c751e8b465ee728b)  -> (artifact id: '8667a7c43d44bf4f4c352f74760caa4d') in 0.167368 seconds
  Import took 0.171967 seconds .

========================================================================
Received Import Request.
  Time since last request: 1123.281457 seconds.
  path: Assets/Fruits Match/Animations/Walkthough/Walkthrough.controller
  artifactKey: Guid(ff5e532725f4a5b42b4abade633d1bf2) Importer(815301076,1909f56bfc062723c751e8b465ee728b)
Start importing Assets/Fruits Match/Animations/Walkthough/Walkthrough.controller using Guid(ff5e532725f4a5b42b4abade633d1bf2) Importer(815301076,1909f56bfc062723c751e8b465ee728b)  -> (artifact id: 'b5e20c3b2bf1f461c383a4458daff010') in 0.011169 seconds
  Import took 0.017880 seconds .

========================================================================
Received Prepare
Registering precompiled user dll's ...
Registered in 0.000624 seconds.
Begin MonoManager ReloadAssembly
Native extension for WindowsStandalone target not found
Refreshing native plugins compatible for Editor in 0.22 ms, found 0 plugins.
Preloading 0 native plugins for Editor in 0.00 ms.
Mono: successfully reloaded assembly
- Completed reload, in  1.116 seconds
Platform modules already initialized, skipping
Refreshing native plugins compatible for Editor in 0.80 ms, found 0 plugins.
Preloading 0 native plugins for Editor in 0.00 ms.
Unloading 1116 Unused Serialized files (Serialized files now loaded: 0)
System memory in use before: 61.2 MB.
System memory in use after: 61.3 MB.

Unloading 4 unused Assets to reduce memory usage. Loaded Objects now: 1581.
Total: 2.432200 ms (FindLiveObjects: 0.332600 ms CreateObjectMapping: 0.111500 ms MarkObjects: 1.956100 ms  DeleteObjects: 0.016800 ms)

========================================================================
Received Import Request.
  Time since last request: 2481.520759 seconds.
  path: Assets/Fruits Match/Animations/Walkthough/Walkthrough.controller
  artifactKey: Guid(ff5e532725f4a5b42b4abade633d1bf2) Importer(815301076,1909f56bfc062723c751e8b465ee728b)
Start importing Assets/Fruits Match/Animations/Walkthough/Walkthrough.controller using Guid(ff5e532725f4a5b42b4abade633d1bf2) Importer(815301076,1909f56bfc062723c751e8b465ee728b)  -> (artifact id: '63b86fd12dbbe13ad02c55d367fef8bd') in 0.023310 seconds
  Import took 0.313694 seconds .

========================================================================
Received Import Request.
  Time since last request: 102.324421 seconds.
  path: Assets/Fruits Match/Animations/Walkthough/Walkin5.anim
  artifactKey: Guid(f8a8e130419ea5041bcc189d73f511d5) Importer(815301076,1909f56bfc062723c751e8b465ee728b)
Start importing Assets/Fruits Match/Animations/Walkthough/Walkin5.anim using Guid(f8a8e130419ea5041bcc189d73f511d5) Importer(815301076,1909f56bfc062723c751e8b465ee728b)  -> (artifact id: 'fab6b08134000de5279bb2824705555b') in 0.010994 seconds
  Import took 0.013673 seconds .

========================================================================
Received Import Request.
  Time since last request: 0.061395 seconds.
  path: Assets/Fruits Match/Animations/Walkthough/Walkin5.anim
  artifactKey: Guid(f8a8e130419ea5041bcc189d73f511d5) Importer(815301076,1909f56bfc062723c751e8b465ee728b)
Start importing Assets/Fruits Match/Animations/Walkthough/Walkin5.anim using Guid(f8a8e130419ea5041bcc189d73f511d5) Importer(815301076,1909f56bfc062723c751e8b465ee728b)  -> (artifact id: 'fab6b08134000de5279bb2824705555b') in 0.002668 seconds
  Import took 0.005183 seconds .

========================================================================
Received Import Request.
  Time since last request: 2.197621 seconds.
  path: Assets/Fruits Match/Animations/Walkthough/Walkin4.anim
  artifactKey: Guid(48047b751f1e4614589730e36f477e83) Importer(815301076,1909f56bfc062723c751e8b465ee728b)
Start importing Assets/Fruits Match/Animations/Walkthough/Walkin4.anim using Guid(48047b751f1e4614589730e36f477e83) Importer(815301076,1909f56bfc062723c751e8b465ee728b)  -> (artifact id: '9f8859c0255b201b0f721b3f97a4b0b9') in 0.011529 seconds
  Import took 0.015693 seconds .

========================================================================
Received Import Request.
  Time since last request: 1.599149 seconds.
  path: Assets/Fruits Match/Animations/Walkthough/Walkin3.anim
  artifactKey: Guid(2b71ee1c50fdbfc48909ec8f121c59ed) Importer(815301076,1909f56bfc062723c751e8b465ee728b)
Start importing Assets/Fruits Match/Animations/Walkthough/Walkin3.anim using Guid(2b71ee1c50fdbfc48909ec8f121c59ed) Importer(815301076,1909f56bfc062723c751e8b465ee728b)  -> (artifact id: '15e23484f71d8abb98cf8ec2e871fd90') in 0.009540 seconds
  Import took 0.048023 seconds .

========================================================================
Received Import Request.
  Time since last request: 1.487030 seconds.
  path: Assets/Fruits Match/Animations/Walkthough/Walkin2.anim
  artifactKey: Guid(a8e22eea8b38bfa4894b7b0ec633e099) Importer(815301076,1909f56bfc062723c751e8b465ee728b)
Start importing Assets/Fruits Match/Animations/Walkthough/Walkin2.anim using Guid(a8e22eea8b38bfa4894b7b0ec633e099) Importer(815301076,1909f56bfc062723c751e8b465ee728b)  -> (artifact id: '3886f8886d1dbfbd1d4e92ab3cf071fd') in 0.046389 seconds
  Import took 0.048542 seconds .

========================================================================
Received Import Request.
  Time since last request: 1.687362 seconds.
  path: Assets/Fruits Match/Animations/Walkthough/Walkin1.anim
  artifactKey: Guid(01bd11123d6830549992383fef6e7e06) Importer(815301076,1909f56bfc062723c751e8b465ee728b)
Start importing Assets/Fruits Match/Animations/Walkthough/Walkin1.anim using Guid(01bd11123d6830549992383fef6e7e06) Importer(815301076,1909f56bfc062723c751e8b465ee728b)  -> (artifact id: 'b4e53070efce35ac47496c9407d70bcf') in 0.010600 seconds
  Import took 0.013972 seconds .

========================================================================
Received Import Request.
  Time since last request: 0.008040 seconds.
  path: Assets/Fruits Match/Animations/Walkthough/Walkin1.anim
  artifactKey: Guid(01bd11123d6830549992383fef6e7e06) Importer(815301076,1909f56bfc062723c751e8b465ee728b)
Start importing Assets/Fruits Match/Animations/Walkthough/Walkin1.anim using Guid(01bd11123d6830549992383fef6e7e06) Importer(815301076,1909f56bfc062723c751e8b465ee728b)  -> (artifact id: 'b4e53070efce35ac47496c9407d70bcf') in 0.003982 seconds
  Import took 0.007262 seconds .

========================================================================
Received Prepare
Registering precompiled user dll's ...
Registered in 0.000706 seconds.
Begin MonoManager ReloadAssembly
Native extension for WindowsStandalone target not found
Refreshing native plugins compatible for Editor in 0.21 ms, found 0 plugins.
Preloading 0 native plugins for Editor in 0.00 ms.
Mono: successfully reloaded assembly
- Completed reload, in  0.855 seconds
Platform modules already initialized, skipping
Refreshing native plugins compatible for Editor in 0.26 ms, found 0 plugins.
Preloading 0 native plugins for Editor in 0.00 ms.
Unloading 1116 Unused Serialized files (Serialized files now loaded: 0)
System memory in use before: 61.2 MB.
System memory in use after: 61.3 MB.

Unloading 4 unused Assets to reduce memory usage. Loaded Objects now: 1584.
Total: 2.781200 ms (FindLiveObjects: 0.130200 ms CreateObjectMapping: 0.034200 ms MarkObjects: 2.583200 ms  DeleteObjects: 0.032800 ms)

========================================================================
Received Import Request.
  Time since last request: 3.625046 seconds.
  path: Assets/Fruits Match/Animations/Walkthough/Walkin1.anim
  artifactKey: Guid(01bd11123d6830549992383fef6e7e06) Importer(815301076,1909f56bfc062723c751e8b465ee728b)
Start importing Assets/Fruits Match/Animations/Walkthough/Walkin1.anim using Guid(01bd11123d6830549992383fef6e7e06) Importer(815301076,1909f56bfc062723c751e8b465ee728b)  -> (artifact id: '71499673f03a1a100d55072cdd6087ca') in 0.012487 seconds
  Import took 0.014945 seconds .

========================================================================
Received Prepare
Registering precompiled user dll's ...
Registered in 0.000514 seconds.
Begin MonoManager ReloadAssembly
Native extension for WindowsStandalone target not found
Refreshing native plugins compatible for Editor in 0.21 ms, found 0 plugins.
Preloading 0 native plugins for Editor in 0.00 ms.
Mono: successfully reloaded assembly
- Completed reload, in  0.861 seconds
Platform modules already initialized, skipping
Refreshing native plugins compatible for Editor in 0.21 ms, found 0 plugins.
Preloading 0 native plugins for Editor in 0.00 ms.
Unloading 1116 Unused Serialized files (Serialized files now loaded: 0)
System memory in use before: 61.2 MB.
System memory in use after: 61.3 MB.

Unloading 4 unused Assets to reduce memory usage. Loaded Objects now: 1587.
Total: 2.087700 ms (FindLiveObjects: 0.251100 ms CreateObjectMapping: 0.046000 ms MarkObjects: 1.764800 ms  DeleteObjects: 0.023900 ms)

========================================================================
Received Import Request.
  Time since last request: 1325.768176 seconds.
  path: Assets/Fruits Match/Scenes/TutorialScene.unity
  artifactKey: Guid(c767e7d7107250446ac124cd3a7f832f) Importer(815301076,1909f56bfc062723c751e8b465ee728b)
Start importing Assets/Fruits Match/Scenes/TutorialScene.unity using Guid(c767e7d7107250446ac124cd3a7f832f) Importer(815301076,1909f56bfc062723c751e8b465ee728b)  -> (artifact id: '69718ad905903d470cbcf1b0ca53887c') in 0.091950 seconds
  Import took 0.099743 seconds .

========================================================================
Received Prepare
Registering precompiled user dll's ...
Registered in 0.000460 seconds.
Begin MonoManager ReloadAssembly
Native extension for WindowsStandalone target not found
Refreshing native plugins compatible for Editor in 0.21 ms, found 0 plugins.
Preloading 0 native plugins for Editor in 0.00 ms.
Mono: successfully reloaded assembly
- Completed reload, in  0.883 seconds
Platform modules already initialized, skipping
Refreshing native plugins compatible for Editor in 0.23 ms, found 0 plugins.
Preloading 0 native plugins for Editor in 0.00 ms.
Unloading 1116 Unused Serialized files (Serialized files now loaded: 0)
System memory in use before: 61.2 MB.
System memory in use after: 61.3 MB.

Unloading 4 unused Assets to reduce memory usage. Loaded Objects now: 1590.
Total: 92.684000 ms (FindLiveObjects: 9.482200 ms CreateObjectMapping: 0.081700 ms MarkObjects: 83.068100 ms  DeleteObjects: 0.049800 ms)

========================================================================
Received Prepare
Registering precompiled user dll's ...
Registered in 0.000721 seconds.
Begin MonoManager ReloadAssembly
Native extension for WindowsStandalone target not found
Refreshing native plugins compatible for Editor in 0.21 ms, found 0 plugins.
Preloading 0 native plugins for Editor in 0.00 ms.
Mono: successfully reloaded assembly
- Completed reload, in  0.880 seconds
Platform modules already initialized, skipping
Refreshing native plugins compatible for Editor in 0.32 ms, found 0 plugins.
Preloading 0 native plugins for Editor in 0.00 ms.
Unloading 1116 Unused Serialized files (Serialized files now loaded: 0)
System memory in use before: 61.2 MB.
System memory in use after: 61.3 MB.

Unloading 4 unused Assets to reduce memory usage. Loaded Objects now: 1593.
Total: 2.080900 ms (FindLiveObjects: 0.212000 ms CreateObjectMapping: 0.049100 ms MarkObjects: 1.802800 ms  DeleteObjects: 0.015500 ms)

========================================================================
Received Import Request.
  Time since last request: 107.082079 seconds.
  path: Assets/Fruits Match/Scripts/TutorialManager.cs
  artifactKey: Guid(816ad64b4d15f5c4f8cd5c0f5efb1057) Importer(815301076,1909f56bfc062723c751e8b465ee728b)
Start importing Assets/Fruits Match/Scripts/TutorialManager.cs using Guid(816ad64b4d15f5c4f8cd5c0f5efb1057) Importer(815301076,1909f56bfc062723c751e8b465ee728b)  -> (artifact id: '65ea14aec925065c42062946961417c7') in 0.019940 seconds
  Import took 0.022541 seconds .

========================================================================
Received Import Request.
  Time since last request: 159.212550 seconds.
  path: Assets/Fruits Match/Scenes/TutorialScene.unity
  artifactKey: Guid(c767e7d7107250446ac124cd3a7f832f) Importer(815301076,1909f56bfc062723c751e8b465ee728b)
Start importing Assets/Fruits Match/Scenes/TutorialScene.unity using Guid(c767e7d7107250446ac124cd3a7f832f) Importer(815301076,1909f56bfc062723c751e8b465ee728b)  -> (artifact id: 'dec86b6925bd6848c34fdbeb6b11ab1c') in 0.015214 seconds
  Import took 0.018129 seconds .

========================================================================
Received Prepare
Registering precompiled user dll's ...
Registered in 0.000514 seconds.
Begin MonoManager ReloadAssembly
Native extension for WindowsStandalone target not found
Refreshing native plugins compatible for Editor in 0.39 ms, found 0 plugins.
Preloading 0 native plugins for Editor in 0.00 ms.
Mono: successfully reloaded assembly
- Completed reload, in  0.872 seconds
Platform modules already initialized, skipping
Refreshing native plugins compatible for Editor in 1.12 ms, found 0 plugins.
Preloading 0 native plugins for Editor in 0.00 ms.
Unloading 1116 Unused Serialized files (Serialized files now loaded: 0)
System memory in use before: 61.3 MB.
System memory in use after: 61.4 MB.

Unloading 4 unused Assets to reduce memory usage. Loaded Objects now: 1596.
Total: 5.270500 ms (FindLiveObjects: 0.299400 ms CreateObjectMapping: 0.438900 ms MarkObjects: 4.509700 ms  DeleteObjects: 0.020400 ms)

========================================================================
Received Prepare
Refreshing native plugins compatible for Editor in 0.83 ms, found 0 plugins.
Preloading 0 native plugins for Editor in 0.00 ms.
Unloading 2 Unused Serialized files (Serialized files now loaded: 0)
System memory in use before: 39.3 MB.
System memory in use after: 39.4 MB.

Unloading 2 unused Assets to reduce memory usage. Loaded Objects now: 1596.
Total: 2.013200 ms (FindLiveObjects: 0.202700 ms CreateObjectMapping: 0.057500 ms MarkObjects: 1.716000 ms  DeleteObjects: 0.014600 ms)

========================================================================
Received Prepare
Registering precompiled user dll's ...
Registered in 0.000598 seconds.
Begin MonoManager ReloadAssembly
Native extension for WindowsStandalone target not found
Refreshing native plugins compatible for Editor in 0.33 ms, found 0 plugins.
Preloading 0 native plugins for Editor in 0.00 ms.
Mono: successfully reloaded assembly
- Completed reload, in  0.953 seconds
Platform modules already initialized, skipping
Refreshing native plugins compatible for Editor in 0.24 ms, found 0 plugins.
Preloading 0 native plugins for Editor in 0.00 ms.
Unloading 1116 Unused Serialized files (Serialized files now loaded: 0)
System memory in use before: 61.3 MB.
System memory in use after: 61.4 MB.

Unloading 4 unused Assets to reduce memory usage. Loaded Objects now: 1599.
Total: 2.332700 ms (FindLiveObjects: 0.155600 ms CreateObjectMapping: 0.055700 ms MarkObjects: 2.103400 ms  DeleteObjects: 0.017000 ms)

========================================================================
Received Import Request.
  Time since last request: 342.416321 seconds.
  path: Assets/Fruits Match/Scripts/TutorialManager.cs
  artifactKey: Guid(816ad64b4d15f5c4f8cd5c0f5efb1057) Importer(815301076,1909f56bfc062723c751e8b465ee728b)
Start importing Assets/Fruits Match/Scripts/TutorialManager.cs using Guid(816ad64b4d15f5c4f8cd5c0f5efb1057) Importer(815301076,1909f56bfc062723c751e8b465ee728b)  -> (artifact id: 'c22984526cb5c41428331bece99a9939') in 0.004060 seconds
  Import took 0.006334 seconds .

========================================================================
Received Prepare
Registering precompiled user dll's ...
Registered in 0.000709 seconds.
Begin MonoManager ReloadAssembly
Native extension for WindowsStandalone target not found
Refreshing native plugins compatible for Editor in 0.22 ms, found 0 plugins.
Preloading 0 native plugins for Editor in 0.00 ms.
Mono: successfully reloaded assembly
- Completed reload, in  0.970 seconds
Platform modules already initialized, skipping
Refreshing native plugins compatible for Editor in 0.46 ms, found 0 plugins.
Preloading 0 native plugins for Editor in 0.00 ms.
Unloading 1116 Unused Serialized files (Serialized files now loaded: 0)
System memory in use before: 61.3 MB.
System memory in use after: 61.4 MB.

Unloading 4 unused Assets to reduce memory usage. Loaded Objects now: 1602.
Total: 3.295100 ms (FindLiveObjects: 0.180300 ms CreateObjectMapping: 0.072800 ms MarkObjects: 3.004800 ms  DeleteObjects: 0.035600 ms)

========================================================================
Received Import Request.
  Time since last request: 122.396667 seconds.
  path: Assets/Fruits Match/Scripts/TutorialManager.cs
  artifactKey: Guid(816ad64b4d15f5c4f8cd5c0f5efb1057) Importer(815301076,1909f56bfc062723c751e8b465ee728b)
Start importing Assets/Fruits Match/Scripts/TutorialManager.cs using Guid(816ad64b4d15f5c4f8cd5c0f5efb1057) Importer(815301076,1909f56bfc062723c751e8b465ee728b)  -> (artifact id: '2e2549f2cd7eec095ae247891b1ad3c2') in 0.004282 seconds
  Import took 0.006779 seconds .

========================================================================
Received Import Request.
  Time since last request: 0.001226 seconds.
  path: Assets/Fruits Match/Scripts/TutorialManager.cs
  artifactKey: Guid(816ad64b4d15f5c4f8cd5c0f5efb1057) Importer(815301076,1909f56bfc062723c751e8b465ee728b)
Start importing Assets/Fruits Match/Scripts/TutorialManager.cs using Guid(816ad64b4d15f5c4f8cd5c0f5efb1057) Importer(815301076,1909f56bfc062723c751e8b465ee728b)  -> (artifact id: '2e2549f2cd7eec095ae247891b1ad3c2') in 0.002476 seconds
  Import took 0.006413 seconds .

========================================================================
Received Prepare
Registering precompiled user dll's ...
Registered in 0.000556 seconds.
Begin MonoManager ReloadAssembly
Native extension for WindowsStandalone target not found
Refreshing native plugins compatible for Editor in 0.39 ms, found 0 plugins.
Preloading 0 native plugins for Editor in 0.00 ms.
Mono: successfully reloaded assembly
- Completed reload, in  1.425 seconds
Platform modules already initialized, skipping
Refreshing native plugins compatible for Editor in 0.25 ms, found 0 plugins.
Preloading 0 native plugins for Editor in 0.00 ms.
Unloading 1116 Unused Serialized files (Serialized files now loaded: 0)
System memory in use before: 61.3 MB.
System memory in use after: 61.4 MB.

Unloading 4 unused Assets to reduce memory usage. Loaded Objects now: 1605.
Total: 2.792100 ms (FindLiveObjects: 0.281800 ms CreateObjectMapping: 0.091800 ms MarkObjects: 2.383300 ms  DeleteObjects: 0.033100 ms)

========================================================================
Received Prepare
Refreshing native plugins compatible for Editor in 0.73 ms, found 0 plugins.
Preloading 0 native plugins for Editor in 0.00 ms.
Unloading 2 Unused Serialized files (Serialized files now loaded: 0)
System memory in use before: 39.3 MB.
System memory in use after: 39.4 MB.

Unloading 2 unused Assets to reduce memory usage. Loaded Objects now: 1605.
Total: 2.683700 ms (FindLiveObjects: 0.398500 ms CreateObjectMapping: 0.133500 ms MarkObjects: 2.134900 ms  DeleteObjects: 0.015000 ms)

========================================================================
Received Import Request.
  Time since last request: 95.103984 seconds.
  path: Assets/Fruits Match/Scripts/SkipAnim.cs
  artifactKey: Guid(38d065a4993d65544accfcda117cb76c) Importer(815301076,1909f56bfc062723c751e8b465ee728b)
Start importing Assets/Fruits Match/Scripts/SkipAnim.cs using Guid(38d065a4993d65544accfcda117cb76c) Importer(815301076,1909f56bfc062723c751e8b465ee728b)  -> (artifact id: '7b4b29191f7ff72f058784f2432d2ed6') in 0.010215 seconds
  Import took 0.012734 seconds .

========================================================================
Received Prepare
Registering precompiled user dll's ...
Registered in 0.000948 seconds.
Begin MonoManager ReloadAssembly
Native extension for WindowsStandalone target not found
Refreshing native plugins compatible for Editor in 0.21 ms, found 0 plugins.
Preloading 0 native plugins for Editor in 0.00 ms.
Mono: successfully reloaded assembly
- Completed reload, in  1.108 seconds
Platform modules already initialized, skipping
Refreshing native plugins compatible for Editor in 0.35 ms, found 0 plugins.
Preloading 0 native plugins for Editor in 0.00 ms.
Unloading 1117 Unused Serialized files (Serialized files now loaded: 0)
System memory in use before: 61.3 MB.
System memory in use after: 61.4 MB.

Unloading 4 unused Assets to reduce memory usage. Loaded Objects now: 1609.
Total: 2.300800 ms (FindLiveObjects: 0.223600 ms CreateObjectMapping: 0.072600 ms MarkObjects: 1.967700 ms  DeleteObjects: 0.035900 ms)

========================================================================
Received Prepare
Registering precompiled user dll's ...
Registered in 0.000774 seconds.
Begin MonoManager ReloadAssembly
Native extension for WindowsStandalone target not found
Refreshing native plugins compatible for Editor in 0.21 ms, found 0 plugins.
Preloading 0 native plugins for Editor in 0.00 ms.
Mono: successfully reloaded assembly
- Completed reload, in  0.978 seconds
Platform modules already initialized, skipping
Refreshing native plugins compatible for Editor in 0.27 ms, found 0 plugins.
Preloading 0 native plugins for Editor in 0.00 ms.
Unloading 1117 Unused Serialized files (Serialized files now loaded: 0)
System memory in use before: 61.3 MB.
System memory in use after: 61.4 MB.

Unloading 4 unused Assets to reduce memory usage. Loaded Objects now: 1612.
Total: 2.739700 ms (FindLiveObjects: 0.344600 ms CreateObjectMapping: 0.210300 ms MarkObjects: 2.137000 ms  DeleteObjects: 0.045700 ms)

========================================================================
Received Prepare
Registering precompiled user dll's ...
Registered in 0.000575 seconds.
Begin MonoManager ReloadAssembly
Native extension for WindowsStandalone target not found
Refreshing native plugins compatible for Editor in 0.31 ms, found 0 plugins.
Preloading 0 native plugins for Editor in 0.00 ms.
Mono: successfully reloaded assembly
- Completed reload, in  0.929 seconds
Platform modules already initialized, skipping
Refreshing native plugins compatible for Editor in 0.22 ms, found 0 plugins.
Preloading 0 native plugins for Editor in 0.00 ms.
Unloading 1117 Unused Serialized files (Serialized files now loaded: 0)
System memory in use before: 61.3 MB.
System memory in use after: 61.4 MB.

Unloading 4 unused Assets to reduce memory usage. Loaded Objects now: 1615.
Total: 1.860200 ms (FindLiveObjects: 0.177000 ms CreateObjectMapping: 0.078100 ms MarkObjects: 1.584600 ms  DeleteObjects: 0.018800 ms)

========================================================================
Received Import Request.
  Time since last request: 337.423499 seconds.
  path: Assets/Fruits Match/Scripts/SkipAnim.cs
  artifactKey: Guid(38d065a4993d65544accfcda117cb76c) Importer(815301076,1909f56bfc062723c751e8b465ee728b)
Start importing Assets/Fruits Match/Scripts/SkipAnim.cs using Guid(38d065a4993d65544accfcda117cb76c) Importer(815301076,1909f56bfc062723c751e8b465ee728b)  -> (artifact id: 'c2fbef2325cb379d422104680629da8a') in 0.004124 seconds
  Import took 0.006443 seconds .

========================================================================
Received Prepare
Registering precompiled user dll's ...
Registered in 0.000560 seconds.
Begin MonoManager ReloadAssembly
Native extension for WindowsStandalone target not found
Refreshing native plugins compatible for Editor in 0.21 ms, found 0 plugins.
Preloading 0 native plugins for Editor in 0.00 ms.
Mono: successfully reloaded assembly
- Completed reload, in  0.858 seconds
Platform modules already initialized, skipping
Refreshing native plugins compatible for Editor in 0.23 ms, found 0 plugins.
Preloading 0 native plugins for Editor in 0.00 ms.
Unloading 1117 Unused Serialized files (Serialized files now loaded: 0)
System memory in use before: 61.3 MB.
System memory in use after: 61.4 MB.

Unloading 4 unused Assets to reduce memory usage. Loaded Objects now: 1618.
Total: 1.719300 ms (FindLiveObjects: 0.145600 ms CreateObjectMapping: 0.041700 ms MarkObjects: 1.518200 ms  DeleteObjects: 0.012800 ms)

========================================================================
Received Prepare
Refreshing native plugins compatible for Editor in 0.63 ms, found 0 plugins.
Preloading 0 native plugins for Editor in 0.00 ms.
Unloading 2 Unused Serialized files (Serialized files now loaded: 0)
System memory in use before: 39.3 MB.
System memory in use after: 39.4 MB.

Unloading 2 unused Assets to reduce memory usage. Loaded Objects now: 1618.
Total: 3.153700 ms (FindLiveObjects: 0.534700 ms CreateObjectMapping: 0.073600 ms MarkObjects: 2.503800 ms  DeleteObjects: 0.037900 ms)

AssetImportWorkerClient::OnTransportError - code=2 error=End of file
